{"/home/Youhana/Work/POI/lib/map.js":{"path":"/home/Youhana/Work/POI/lib/map.js","s":{"1":1,"2":1,"3":1,"4":1,"5":0,"6":1},"b":{},"f":{"1":1,"2":0},"fnMap":{"1":{"name":"(anonymous_1)","line":3,"loc":{"start":{"line":3,"column":11},"end":{"line":3,"column":22}}},"2":{"name":"(anonymous_2)","line":7,"loc":{"start":{"line":7,"column":13},"end":{"line":7,"column":24}}}},"statementMap":{"1":{"start":{"line":1,"column":0},"end":{"line":1,"column":13}},"2":{"start":{"line":3,"column":0},"end":{"line":5,"column":2}},"3":{"start":{"line":4,"column":2},"end":{"line":4,"column":26}},"4":{"start":{"line":7,"column":0},"end":{"line":11,"column":0}},"5":{"start":{"line":8,"column":1},"end":{"line":8,"column":27}},"6":{"start":{"line":11,"column":0},"end":{"line":11,"column":21}}},"branchMap":{}}}